0 info it worked if it ends with ok
1 verbose cli [ '/usr/bin/node', '/usr/bin/npm', 'run', 'test-init' ]
2 info using npm@3.5.2
3 info using node@v8.10.0
4 verbose run-script [ 'pretest-init', 'test-init', 'posttest-init' ]
5 info lifecycle ADC-2019@1.0.0~pretest-init: ADC-2019@1.0.0
6 silly lifecycle ADC-2019@1.0.0~pretest-init: no script for pretest-init, continuing
7 info lifecycle ADC-2019@1.0.0~test-init: ADC-2019@1.0.0
8 verbose lifecycle ADC-2019@1.0.0~test-init: unsafe-perm in lifecycle true
9 verbose lifecycle ADC-2019@1.0.0~test-init: PATH: /usr/share/npm/bin/node-gyp-bin:/home/fezzo/Documents/nodejs/ADC_WayFarer_2019/ADC-2019/node_modules/.bin:/usr/local/sbin:/usr/local/bin:/usr/sbin:/usr/bin:/sbin:/bin:/snap/bin
10 verbose lifecycle ADC-2019@1.0.0~test-init: CWD: /home/fezzo/Documents/nodejs/ADC_WayFarer_2019/ADC-2019
11 silly lifecycle ADC-2019@1.0.0~test-init: Args: [ '-c', './node_modules/jasmine/bin/jasmine.js init' ]
12 silly lifecycle ADC-2019@1.0.0~test-init: Returned: code: 126  signal: null
13 info lifecycle ADC-2019@1.0.0~test-init: Failed to exec test-init script
14 verbose stack Error: ADC-2019@1.0.0 test-init: `./node_modules/jasmine/bin/jasmine.js init`
14 verbose stack Exit status 126
14 verbose stack     at EventEmitter.<anonymous> (/usr/share/npm/lib/utils/lifecycle.js:232:16)
14 verbose stack     at emitTwo (events.js:126:13)
14 verbose stack     at EventEmitter.emit (events.js:214:7)
14 verbose stack     at ChildProcess.<anonymous> (/usr/share/npm/lib/utils/spawn.js:24:14)
14 verbose stack     at emitTwo (events.js:126:13)
14 verbose stack     at ChildProcess.emit (events.js:214:7)
14 verbose stack     at maybeClose (internal/child_process.js:925:16)
14 verbose stack     at Process.ChildProcess._handle.onexit (internal/child_process.js:209:5)
15 verbose pkgid ADC-2019@1.0.0
16 verbose cwd /home/fezzo/Documents/nodejs/ADC_WayFarer_2019/ADC-2019
17 error Linux 4.18.0-15-generic
18 error argv "/usr/bin/node" "/usr/bin/npm" "run" "test-init"
19 error node v8.10.0
20 error npm  v3.5.2
21 error code ELIFECYCLE
22 error ADC-2019@1.0.0 test-init: `./node_modules/jasmine/bin/jasmine.js init`
22 error Exit status 126
23 error Failed at the ADC-2019@1.0.0 test-init script './node_modules/jasmine/bin/jasmine.js init'.
23 error Make sure you have the latest version of node.js and npm installed.
23 error If you do, this is most likely a problem with the ADC-2019 package,
23 error not with npm itself.
23 error Tell the author that this fails on your system:
23 error     ./node_modules/jasmine/bin/jasmine.js init
23 error You can get information on how to open an issue for this project with:
23 error     npm bugs ADC-2019
23 error Or if that isn't available, you can get their info via:
23 error     npm owner ls ADC-2019
23 error There is likely additional logging output above.
24 verbose exit [ 1, true ]
